{"/Users/benji/Desktop/vinco/vinco-service/config/index.js": {"path":"/Users/benji/Desktop/vinco/vinco-service/config/index.js","statementMap":{"0":{"start":{"line":1,"column":0},"end":{"line":1,"column":27}},"1":{"start":{"line":3,"column":15},"end":{"line":9,"column":1}},"2":{"start":{"line":11,"column":0},"end":{"line":11,"column":24}}},"fnMap":{},"branchMap":{"0":{"loc":{"start":{"line":5,"column":8},"end":{"line":5,"column":32}},"type":"binary-expr","locations":[{"start":{"line":5,"column":8},"end":{"line":5,"column":24}},{"start":{"line":5,"column":28},"end":{"line":5,"column":32}}],"line":5},"1":{"loc":{"start":{"line":6,"column":6},"end":{"line":6,"column":65}},"type":"binary-expr","locations":[{"start":{"line":6,"column":6},"end":{"line":6,"column":29}},{"start":{"line":6,"column":33},"end":{"line":6,"column":65}}],"line":6},"2":{"loc":{"start":{"line":7,"column":12},"end":{"line":7,"column":76}},"type":"binary-expr","locations":[{"start":{"line":7,"column":12},"end":{"line":7,"column":40}},{"start":{"line":7,"column":44},"end":{"line":7,"column":76}}],"line":7},"3":{"loc":{"start":{"line":8,"column":10},"end":{"line":8,"column":39}},"type":"binary-expr","locations":[{"start":{"line":8,"column":10},"end":{"line":8,"column":28}},{"start":{"line":8,"column":32},"end":{"line":8,"column":39}}],"line":8}},"s":{"0":3,"1":3,"2":3},"f":{},"b":{"0":[3,0],"1":[3,0],"2":[3,0],"3":[3,0]},"_coverageSchema":"1a1c01bbd47fc00a2c39e90264f33305004495a9","hash":"5fcf60c6ae7e411a3fbe144545fc13b5cc97e61c"}
,"/Users/benji/Desktop/vinco/vinco-service/src/index.js": {"path":"/Users/benji/Desktop/vinco/vinco-service/src/index.js","statementMap":{"0":{"start":{"line":10,"column":12},"end":{"line":10,"column":21}},"1":{"start":{"line":12,"column":0},"end":{"line":12,"column":16}},"2":{"start":{"line":13,"column":0},"end":{"line":13,"column":24}},"3":{"start":{"line":14,"column":0},"end":{"line":14,"column":24}},"4":{"start":{"line":16,"column":0},"end":{"line":16,"column":12}},"5":{"start":{"line":18,"column":0},"end":{"line":20,"column":1}},"6":{"start":{"line":19,"column":2},"end":{"line":19,"column":25}},"7":{"start":{"line":22,"column":15},"end":{"line":24,"column":2}},"8":{"start":{"line":23,"column":2},"end":{"line":23,"column":58}},"9":{"start":{"line":26,"column":0},"end":{"line":26,"column":33}}},"fnMap":{"0":{"name":"(anonymous_0)","decl":{"start":{"line":22,"column":39},"end":{"line":22,"column":40}},"loc":{"start":{"line":22,"column":45},"end":{"line":24,"column":1}},"line":22}},"branchMap":{"0":{"loc":{"start":{"line":18,"column":0},"end":{"line":20,"column":1}},"type":"if","locations":[{"start":{"line":18,"column":0},"end":{"line":20,"column":1}},{"start":{},"end":{}}],"line":18}},"s":{"0":2,"1":2,"2":2,"3":2,"4":2,"5":2,"6":0,"7":2,"8":2,"9":2},"f":{"0":2},"b":{"0":[0,2]},"_coverageSchema":"1a1c01bbd47fc00a2c39e90264f33305004495a9","hash":"8a0ee1f965423b348a37d924ce6b6c5901aaebdf"}
,"/Users/benji/Desktop/vinco/vinco-service/src/messages.js": {"path":"/Users/benji/Desktop/vinco/vinco-service/src/messages.js","statementMap":{"0":{"start":{"line":1,"column":17},"end":{"line":28,"column":1}}},"fnMap":{},"branchMap":{},"s":{"0":2},"f":{},"b":{},"_coverageSchema":"1a1c01bbd47fc00a2c39e90264f33305004495a9","hash":"e16f844217ebbb09dc496a90cfc6420dbb192427"}
,"/Users/benji/Desktop/vinco/vinco-service/src/mongodb.js": {"path":"/Users/benji/Desktop/vinco/vinco-service/src/mongodb.js","statementMap":{"0":{"start":{"line":5,"column":21},"end":{"line":5,"column":61}},"1":{"start":{"line":7,"column":0},"end":{"line":17,"column":5}},"2":{"start":{"line":8,"column":2},"end":{"line":16,"column":3}},"3":{"start":{"line":9,"column":4},"end":{"line":12,"column":7}},"4":{"start":{"line":13,"column":4},"end":{"line":13,"column":43}},"5":{"start":{"line":15,"column":4},"end":{"line":15,"column":63}}},"fnMap":{"0":{"name":"(anonymous_0)","decl":{"start":{"line":7,"column":1},"end":{"line":7,"column":2}},"loc":{"start":{"line":7,"column":13},"end":{"line":17,"column":1}},"line":7}},"branchMap":{"0":{"loc":{"start":{"line":5,"column":21},"end":{"line":5,"column":61}},"type":"cond-expr","locations":[{"start":{"line":5,"column":34},"end":{"line":5,"column":49}},{"start":{"line":5,"column":52},"end":{"line":5,"column":61}}],"line":5}},"s":{"0":2,"1":2,"2":2,"3":2,"4":1,"5":0},"f":{"0":2},"b":{"0":[2,0]},"_coverageSchema":"1a1c01bbd47fc00a2c39e90264f33305004495a9","hash":"361fa9af3100c77649ed3401a31983ecccf9a04b"}
,"/Users/benji/Desktop/vinco/vinco-service/src/controllers/auth.js": {"path":"/Users/benji/Desktop/vinco/vinco-service/src/controllers/auth.js","statementMap":{"0":{"start":{"line":8,"column":20},"end":{"line":46,"column":1}},"1":{"start":{"line":9,"column":30},"end":{"line":9,"column":42}},"2":{"start":{"line":10,"column":2},"end":{"line":12,"column":3}},"3":{"start":{"line":11,"column":4},"end":{"line":11,"column":72}},"4":{"start":{"line":13,"column":15},"end":{"line":13,"column":44}},"5":{"start":{"line":15,"column":4},"end":{"line":15,"column":74}},"6":{"start":{"line":16,"column":2},"end":{"line":22,"column":3}},"7":{"start":{"line":17,"column":4},"end":{"line":21,"column":7}},"8":{"start":{"line":23,"column":22},"end":{"line":34,"column":3}},"9":{"start":{"line":35,"column":16},"end":{"line":35,"column":52}},"10":{"start":{"line":37,"column":2},"end":{"line":43,"column":5}},"11":{"start":{"line":45,"column":2},"end":{"line":45,"column":46}},"12":{"start":{"line":48,"column":22},"end":{"line":51,"column":1}},"13":{"start":{"line":49,"column":2},"end":{"line":49,"column":33}},"14":{"start":{"line":50,"column":2},"end":{"line":50,"column":63}}},"fnMap":{"0":{"name":"(anonymous_0)","decl":{"start":{"line":8,"column":20},"end":{"line":8,"column":21}},"loc":{"start":{"line":8,"column":49},"end":{"line":46,"column":1}},"line":8},"1":{"name":"(anonymous_1)","decl":{"start":{"line":48,"column":22},"end":{"line":48,"column":23}},"loc":{"start":{"line":48,"column":51},"end":{"line":51,"column":1}},"line":48}},"branchMap":{"0":{"loc":{"start":{"line":10,"column":2},"end":{"line":12,"column":3}},"type":"if","locations":[{"start":{"line":10,"column":2},"end":{"line":12,"column":3}},{"start":{},"end":{}}],"line":10},"1":{"loc":{"start":{"line":10,"column":6},"end":{"line":10,"column":69}},"type":"binary-expr","locations":[{"start":{"line":10,"column":6},"end":{"line":10,"column":12}},{"start":{"line":10,"column":16},"end":{"line":10,"column":25}},{"start":{"line":10,"column":29},"end":{"line":10,"column":45}},{"start":{"line":10,"column":49},"end":{"line":10,"column":69}}],"line":10},"2":{"loc":{"start":{"line":15,"column":4},"end":{"line":15,"column":74}},"type":"cond-expr","locations":[{"start":{"line":15,"column":20},"end":{"line":15,"column":25}},{"start":{"line":15,"column":28},"end":{"line":15,"column":74}}],"line":15},"3":{"loc":{"start":{"line":16,"column":2},"end":{"line":22,"column":3}},"type":"if","locations":[{"start":{"line":16,"column":2},"end":{"line":22,"column":3}},{"start":{},"end":{}}],"line":16},"4":{"loc":{"start":{"line":16,"column":8},"end":{"line":16,"column":31}},"type":"binary-expr","locations":[{"start":{"line":16,"column":8},"end":{"line":16,"column":12}},{"start":{"line":16,"column":16},"end":{"line":16,"column":31}}],"line":16}},"s":{"0":2,"1":1,"2":1,"3":0,"4":1,"5":1,"6":1,"7":0,"8":1,"9":1,"10":1,"11":1,"12":2,"13":0,"14":0},"f":{"0":1,"1":0},"b":{"0":[0,1],"1":[1,1,1,1],"2":[0,1],"3":[0,1],"4":[1,1]},"_coverageSchema":"1a1c01bbd47fc00a2c39e90264f33305004495a9","hash":"2599c3a33888eaee911ea601adad8ee8377b6c37"}
,"/Users/benji/Desktop/vinco/vinco-service/src/controllers/user.js": {"path":"/Users/benji/Desktop/vinco/vinco-service/src/controllers/user.js","statementMap":{"0":{"start":{"line":12,"column":24},"end":{"line":22,"column":1}},"1":{"start":{"line":13,"column":20},"end":{"line":13,"column":29}},"2":{"start":{"line":14,"column":16},"end":{"line":14,"column":74}},"3":{"start":{"line":15,"column":2},"end":{"line":21,"column":3}},"4":{"start":{"line":16,"column":18},"end":{"line":16,"column":40}},"5":{"start":{"line":17,"column":4},"end":{"line":17,"column":34}},"6":{"start":{"line":19,"column":4},"end":{"line":19,"column":32}},"7":{"start":{"line":20,"column":4},"end":{"line":20,"column":47}},"8":{"start":{"line":24,"column":23},"end":{"line":47,"column":1}},"9":{"start":{"line":25,"column":17},"end":{"line":25,"column":27}},"10":{"start":{"line":26,"column":2},"end":{"line":32,"column":3}},"11":{"start":{"line":27,"column":4},"end":{"line":31,"column":7}},"12":{"start":{"line":33,"column":2},"end":{"line":46,"column":3}},"13":{"start":{"line":34,"column":17},"end":{"line":34,"column":59}},"14":{"start":{"line":35,"column":4},"end":{"line":41,"column":9}},"15":{"start":{"line":36,"column":6},"end":{"line":41,"column":9}},"16":{"start":{"line":42,"column":4},"end":{"line":42,"column":33}},"17":{"start":{"line":44,"column":4},"end":{"line":44,"column":32}},"18":{"start":{"line":45,"column":4},"end":{"line":45,"column":47}},"19":{"start":{"line":49,"column":26},"end":{"line":84,"column":1}},"20":{"start":{"line":50,"column":71},"end":{"line":50,"column":79}},"21":{"start":{"line":51,"column":2},"end":{"line":64,"column":3}},"22":{"start":{"line":59,"column":4},"end":{"line":63,"column":7}},"23":{"start":{"line":65,"column":23},"end":{"line":65,"column":54}},"24":{"start":{"line":66,"column":21},"end":{"line":66,"column":50}},"25":{"start":{"line":67,"column":2},"end":{"line":68,"column":77}},"26":{"start":{"line":68,"column":4},"end":{"line":68,"column":77}},"27":{"start":{"line":69,"column":2},"end":{"line":83,"column":3}},"28":{"start":{"line":70,"column":17},"end":{"line":78,"column":6}},"29":{"start":{"line":79,"column":4},"end":{"line":79,"column":50}},"30":{"start":{"line":81,"column":4},"end":{"line":81,"column":32}},"31":{"start":{"line":82,"column":4},"end":{"line":82,"column":47}},"32":{"start":{"line":86,"column":26},"end":{"line":125,"column":1}},"33":{"start":{"line":87,"column":17},"end":{"line":87,"column":27}},"34":{"start":{"line":88,"column":2},"end":{"line":94,"column":3}},"35":{"start":{"line":89,"column":4},"end":{"line":93,"column":7}},"36":{"start":{"line":96,"column":4},"end":{"line":96,"column":12}},"37":{"start":{"line":97,"column":2},"end":{"line":124,"column":3}},"38":{"start":{"line":98,"column":17},"end":{"line":112,"column":5}},"39":{"start":{"line":113,"column":4},"end":{"line":119,"column":9}},"40":{"start":{"line":114,"column":6},"end":{"line":119,"column":9}},"41":{"start":{"line":120,"column":4},"end":{"line":120,"column":33}},"42":{"start":{"line":122,"column":4},"end":{"line":122,"column":32}},"43":{"start":{"line":123,"column":4},"end":{"line":123,"column":47}},"44":{"start":{"line":127,"column":26},"end":{"line":154,"column":1}},"45":{"start":{"line":128,"column":17},"end":{"line":128,"column":27}},"46":{"start":{"line":129,"column":2},"end":{"line":135,"column":3}},"47":{"start":{"line":130,"column":4},"end":{"line":134,"column":7}},"48":{"start":{"line":136,"column":2},"end":{"line":153,"column":3}},"49":{"start":{"line":137,"column":17},"end":{"line":141,"column":5}},"50":{"start":{"line":142,"column":4},"end":{"line":148,"column":9}},"51":{"start":{"line":143,"column":6},"end":{"line":148,"column":9}},"52":{"start":{"line":149,"column":4},"end":{"line":149,"column":33}},"53":{"start":{"line":151,"column":4},"end":{"line":151,"column":32}},"54":{"start":{"line":152,"column":4},"end":{"line":152,"column":47}}},"fnMap":{"0":{"name":"(anonymous_0)","decl":{"start":{"line":12,"column":24},"end":{"line":12,"column":25}},"loc":{"start":{"line":12,"column":44},"end":{"line":22,"column":1}},"line":12},"1":{"name":"(anonymous_1)","decl":{"start":{"line":24,"column":23},"end":{"line":24,"column":24}},"loc":{"start":{"line":24,"column":43},"end":{"line":47,"column":1}},"line":24},"2":{"name":"(anonymous_2)","decl":{"start":{"line":49,"column":26},"end":{"line":49,"column":27}},"loc":{"start":{"line":49,"column":46},"end":{"line":84,"column":1}},"line":49},"3":{"name":"(anonymous_3)","decl":{"start":{"line":86,"column":26},"end":{"line":86,"column":27}},"loc":{"start":{"line":86,"column":46},"end":{"line":125,"column":1}},"line":86},"4":{"name":"(anonymous_4)","decl":{"start":{"line":127,"column":26},"end":{"line":127,"column":27}},"loc":{"start":{"line":127,"column":46},"end":{"line":154,"column":1}},"line":127}},"branchMap":{"0":{"loc":{"start":{"line":14,"column":16},"end":{"line":14,"column":74}},"type":"cond-expr","locations":[{"start":{"line":14,"column":24},"end":{"line":14,"column":55}},{"start":{"line":14,"column":58},"end":{"line":14,"column":74}}],"line":14},"1":{"loc":{"start":{"line":26,"column":2},"end":{"line":32,"column":3}},"type":"if","locations":[{"start":{"line":26,"column":2},"end":{"line":32,"column":3}},{"start":{},"end":{}}],"line":26},"2":{"loc":{"start":{"line":35,"column":4},"end":{"line":41,"column":9}},"type":"if","locations":[{"start":{"line":35,"column":4},"end":{"line":41,"column":9}},{"start":{},"end":{}}],"line":35},"3":{"loc":{"start":{"line":35,"column":8},"end":{"line":35,"column":29}},"type":"binary-expr","locations":[{"start":{"line":35,"column":8},"end":{"line":35,"column":13}},{"start":{"line":35,"column":17},"end":{"line":35,"column":29}}],"line":35},"4":{"loc":{"start":{"line":51,"column":2},"end":{"line":64,"column":3}},"type":"if","locations":[{"start":{"line":51,"column":2},"end":{"line":64,"column":3}},{"start":{},"end":{}}],"line":51},"5":{"loc":{"start":{"line":52,"column":4},"end":{"line":57,"column":24}},"type":"binary-expr","locations":[{"start":{"line":52,"column":4},"end":{"line":52,"column":9}},{"start":{"line":53,"column":4},"end":{"line":53,"column":14}},{"start":{"line":54,"column":4},"end":{"line":54,"column":13}},{"start":{"line":55,"column":4},"end":{"line":55,"column":10}},{"start":{"line":56,"column":4},"end":{"line":56,"column":13}},{"start":{"line":57,"column":4},"end":{"line":57,"column":24}}],"line":52},"6":{"loc":{"start":{"line":67,"column":2},"end":{"line":68,"column":77}},"type":"if","locations":[{"start":{"line":67,"column":2},"end":{"line":68,"column":77}},{"start":{},"end":{}}],"line":67},"7":{"loc":{"start":{"line":88,"column":2},"end":{"line":94,"column":3}},"type":"if","locations":[{"start":{"line":88,"column":2},"end":{"line":94,"column":3}},{"start":{},"end":{}}],"line":88},"8":{"loc":{"start":{"line":113,"column":4},"end":{"line":119,"column":9}},"type":"if","locations":[{"start":{"line":113,"column":4},"end":{"line":119,"column":9}},{"start":{},"end":{}}],"line":113},"9":{"loc":{"start":{"line":129,"column":2},"end":{"line":135,"column":3}},"type":"if","locations":[{"start":{"line":129,"column":2},"end":{"line":135,"column":3}},{"start":{},"end":{}}],"line":129},"10":{"loc":{"start":{"line":142,"column":4},"end":{"line":148,"column":9}},"type":"if","locations":[{"start":{"line":142,"column":4},"end":{"line":148,"column":9}},{"start":{},"end":{}}],"line":142}},"s":{"0":2,"1":2,"2":2,"3":2,"4":2,"5":2,"6":0,"7":0,"8":2,"9":1,"10":1,"11":0,"12":1,"13":1,"14":1,"15":0,"16":1,"17":0,"18":0,"19":2,"20":3,"21":3,"22":0,"23":3,"24":3,"25":3,"26":1,"27":2,"28":2,"29":2,"30":0,"31":0,"32":2,"33":1,"34":1,"35":0,"36":1,"37":1,"38":1,"39":1,"40":0,"41":1,"42":0,"43":0,"44":2,"45":1,"46":1,"47":0,"48":1,"49":1,"50":1,"51":0,"52":1,"53":0,"54":0},"f":{"0":2,"1":1,"2":3,"3":1,"4":1},"b":{"0":[1,1],"1":[0,1],"2":[0,1],"3":[1,1],"4":[0,3],"5":[3,3,3,3,3,3],"6":[1,2],"7":[0,1],"8":[0,1],"9":[0,1],"10":[0,1]},"_coverageSchema":"1a1c01bbd47fc00a2c39e90264f33305004495a9","hash":"c970ab3433c41865e9ebca7b96448673190e891d"}
,"/Users/benji/Desktop/vinco/vinco-service/src/models/user.js": {"path":"/Users/benji/Desktop/vinco/vinco-service/src/models/user.js","statementMap":{"0":{"start":{"line":3,"column":19},"end":{"line":17,"column":1}},"1":{"start":{"line":19,"column":0},"end":{"line":25,"column":3}},"2":{"start":{"line":21,"column":4},"end":{"line":21,"column":72}},"3":{"start":{"line":22,"column":4},"end":{"line":22,"column":72}},"4":{"start":{"line":23,"column":4},"end":{"line":23,"column":35}},"5":{"start":{"line":27,"column":13},"end":{"line":27,"column":38}},"6":{"start":{"line":28,"column":0},"end":{"line":28,"column":22}}},"fnMap":{"0":{"name":"(anonymous_0)","decl":{"start":{"line":20,"column":13},"end":{"line":20,"column":14}},"loc":{"start":{"line":20,"column":43},"end":{"line":24,"column":3}},"line":20}},"branchMap":{},"s":{"0":2,"1":2,"2":8,"3":8,"4":8,"5":2,"6":2},"f":{"0":8},"b":{},"_coverageSchema":"1a1c01bbd47fc00a2c39e90264f33305004495a9","hash":"47ad86ae9b44d21c056cf1a4752986f5009ae7a7"}
,"/Users/benji/Desktop/vinco/vinco-service/src/routes/auth.js": {"path":"/Users/benji/Desktop/vinco/vinco-service/src/routes/auth.js","statementMap":{"0":{"start":{"line":5,"column":15},"end":{"line":5,"column":31}},"1":{"start":{"line":7,"column":0},"end":{"line":7,"column":23}},"2":{"start":{"line":8,"column":0},"end":{"line":8,"column":27}},"3":{"start":{"line":10,"column":0},"end":{"line":10,"column":24}}},"fnMap":{},"branchMap":{},"s":{"0":2,"1":2,"2":2,"3":2},"f":{},"b":{},"_coverageSchema":"1a1c01bbd47fc00a2c39e90264f33305004495a9","hash":"b6665beee49a104f7227302c0471bd05a66a6307"}
,"/Users/benji/Desktop/vinco/vinco-service/src/routes/index.js": {"path":"/Users/benji/Desktop/vinco/vinco-service/src/routes/index.js","statementMap":{"0":{"start":{"line":4,"column":0},"end":{"line":7,"column":2}},"1":{"start":{"line":5,"column":2},"end":{"line":5,"column":38}},"2":{"start":{"line":6,"column":2},"end":{"line":6,"column":38}}},"fnMap":{"0":{"name":"(anonymous_0)","decl":{"start":{"line":4,"column":17},"end":{"line":4,"column":18}},"loc":{"start":{"line":4,"column":26},"end":{"line":7,"column":1}},"line":4}},"branchMap":{},"s":{"0":2,"1":2,"2":2},"f":{"0":2},"b":{},"_coverageSchema":"1a1c01bbd47fc00a2c39e90264f33305004495a9","hash":"e5d4dbc31ff3c58ffb735719afe0a6e043696f82"}
,"/Users/benji/Desktop/vinco/vinco-service/src/routes/user.js": {"path":"/Users/benji/Desktop/vinco/vinco-service/src/routes/user.js","statementMap":{"0":{"start":{"line":11,"column":15},"end":{"line":11,"column":31}},"1":{"start":{"line":13,"column":0},"end":{"line":13,"column":26}},"2":{"start":{"line":14,"column":0},"end":{"line":14,"column":28}},"3":{"start":{"line":15,"column":0},"end":{"line":15,"column":29}},"4":{"start":{"line":16,"column":0},"end":{"line":16,"column":31}},"5":{"start":{"line":17,"column":0},"end":{"line":17,"column":34}},"6":{"start":{"line":19,"column":0},"end":{"line":19,"column":24}}},"fnMap":{},"branchMap":{},"s":{"0":2,"1":2,"2":2,"3":2,"4":2,"5":2,"6":2},"f":{},"b":{},"_coverageSchema":"1a1c01bbd47fc00a2c39e90264f33305004495a9","hash":"0f1564516e95183033db600d176e355b02167b80"}
,"/Users/benji/Desktop/vinco/vinco-service/src/utils/Helpers.js": {"path":"/Users/benji/Desktop/vinco/vinco-service/src/utils/Helpers.js","statementMap":{"0":{"start":{"line":3,"column":31},"end":{"line":5,"column":1}},"1":{"start":{"line":4,"column":2},"end":{"line":4,"column":41}},"2":{"start":{"line":7,"column":31},"end":{"line":9,"column":1}},"3":{"start":{"line":8,"column":2},"end":{"line":8,"column":58}},"4":{"start":{"line":11,"column":28},"end":{"line":15,"column":1}},"5":{"start":{"line":13,"column":4},"end":{"line":13,"column":74}},"6":{"start":{"line":14,"column":2},"end":{"line":14,"column":46}}},"fnMap":{"0":{"name":"(anonymous_0)","decl":{"start":{"line":3,"column":31},"end":{"line":3,"column":32}},"loc":{"start":{"line":3,"column":51},"end":{"line":5,"column":1}},"line":3},"1":{"name":"(anonymous_1)","decl":{"start":{"line":7,"column":31},"end":{"line":7,"column":32}},"loc":{"start":{"line":7,"column":69},"end":{"line":9,"column":1}},"line":7},"2":{"name":"(anonymous_2)","decl":{"start":{"line":11,"column":28},"end":{"line":11,"column":29}},"loc":{"start":{"line":11,"column":39},"end":{"line":15,"column":1}},"line":11}},"branchMap":{},"s":{"0":2,"1":6,"2":2,"3":1,"4":2,"5":4,"6":4},"f":{"0":6,"1":1,"2":4},"b":{},"_coverageSchema":"1a1c01bbd47fc00a2c39e90264f33305004495a9","hash":"14c0c07a9bae40d017ce28d8314488d119c84485"}
,"/Users/benji/Desktop/vinco/vinco-service/src/utils/Logger.js": {"path":"/Users/benji/Desktop/vinco/vinco-service/src/utils/Logger.js","statementMap":{"0":{"start":{"line":3,"column":21},"end":{"line":7,"column":1}},"1":{"start":{"line":10,"column":17},"end":{"line":15,"column":1}},"2":{"start":{"line":11,"column":2},"end":{"line":14,"column":5}},"3":{"start":{"line":17,"column":39},"end":{"line":17,"column":53}},"4":{"start":{"line":18,"column":20},"end":{"line":20,"column":2}},"5":{"start":{"line":19,"column":2},"end":{"line":19,"column":69}},"6":{"start":{"line":22,"column":15},"end":{"line":28,"column":2}},"7":{"start":{"line":30,"column":16},"end":{"line":35,"column":1}},"8":{"start":{"line":37,"column":0},"end":{"line":39,"column":1}},"9":{"start":{"line":38,"column":2},"end":{"line":38,"column":61}},"10":{"start":{"line":41,"column":0},"end":{"line":41,"column":36}},"11":{"start":{"line":42,"column":0},"end":{"line":42,"column":28}}},"fnMap":{"0":{"name":"(anonymous_0)","decl":{"start":{"line":10,"column":17},"end":{"line":10,"column":18}},"loc":{"start":{"line":10,"column":23},"end":{"line":15,"column":1}},"line":10},"1":{"name":"(anonymous_1)","decl":{"start":{"line":18,"column":27},"end":{"line":18,"column":28}},"loc":{"start":{"line":18,"column":34},"end":{"line":20,"column":1}},"line":18}},"branchMap":{"0":{"loc":{"start":{"line":4,"column":7},"end":{"line":4,"column":44}},"type":"binary-expr","locations":[{"start":{"line":4,"column":7},"end":{"line":4,"column":27}},{"start":{"line":4,"column":31},"end":{"line":4,"column":44}}],"line":4},"1":{"loc":{"start":{"line":5,"column":9},"end":{"line":5,"column":36}},"type":"binary-expr","locations":[{"start":{"line":5,"column":9},"end":{"line":5,"column":26}},{"start":{"line":5,"column":30},"end":{"line":5,"column":36}}],"line":5},"2":{"loc":{"start":{"line":6,"column":15},"end":{"line":6,"column":57}},"type":"binary-expr","locations":[{"start":{"line":6,"column":15},"end":{"line":6,"column":39}},{"start":{"line":6,"column":43},"end":{"line":6,"column":57}}],"line":6},"3":{"loc":{"start":{"line":37,"column":0},"end":{"line":39,"column":1}},"type":"if","locations":[{"start":{"line":37,"column":0},"end":{"line":39,"column":1}},{"start":{},"end":{}}],"line":37}},"s":{"0":3,"1":3,"2":3,"3":3,"4":3,"5":3,"6":3,"7":3,"8":3,"9":3,"10":3,"11":3},"f":{"0":3,"1":3},"b":{"0":[3,0],"1":[3,1],"2":[3,1],"3":[3,0]},"_coverageSchema":"1a1c01bbd47fc00a2c39e90264f33305004495a9","hash":"8f6fc02cb0d30b06fb628325308153ccdf87d271"}
,"/Users/benji/Desktop/vinco/vinco-service/src/utils/Responser.js": {"path":"/Users/benji/Desktop/vinco/vinco-service/src/utils/Responser.js","statementMap":{"0":{"start":{"line":1,"column":23},"end":{"line":8,"column":1}},"1":{"start":{"line":2,"column":2},"end":{"line":7,"column":5}},"2":{"start":{"line":10,"column":21},"end":{"line":17,"column":1}},"3":{"start":{"line":11,"column":2},"end":{"line":16,"column":5}}},"fnMap":{"0":{"name":"(anonymous_0)","decl":{"start":{"line":1,"column":23},"end":{"line":1,"column":24}},"loc":{"start":{"line":1,"column":74},"end":{"line":8,"column":1}},"line":1},"1":{"name":"(anonymous_1)","decl":{"start":{"line":10,"column":21},"end":{"line":10,"column":22}},"loc":{"start":{"line":10,"column":61},"end":{"line":17,"column":1}},"line":10}},"branchMap":{"0":{"loc":{"start":{"line":1,"column":37},"end":{"line":1,"column":49}},"type":"default-arg","locations":[{"start":{"line":1,"column":47},"end":{"line":1,"column":49}}],"line":1},"1":{"loc":{"start":{"line":1,"column":51},"end":{"line":1,"column":67}},"type":"default-arg","locations":[{"start":{"line":1,"column":64},"end":{"line":1,"column":67}}],"line":1},"2":{"loc":{"start":{"line":10,"column":38},"end":{"line":10,"column":54}},"type":"default-arg","locations":[{"start":{"line":10,"column":51},"end":{"line":10,"column":54}}],"line":10}},"s":{"0":2,"1":8,"2":2,"3":1},"f":{"0":8,"1":1},"b":{"0":[8],"1":[6],"2":[0]},"_coverageSchema":"1a1c01bbd47fc00a2c39e90264f33305004495a9","hash":"7e554ddc158ae8ff52f82db23bf5eb5781276024"}
,"/Users/benji/Desktop/vinco/vinco-service/src/utils/helpers_test.js": {"path":"/Users/benji/Desktop/vinco/vinco-service/src/utils/helpers_test.js","statementMap":{"0":{"start":{"line":4,"column":12},"end":{"line":4,"column":26}},"1":{"start":{"line":6,"column":0},"end":{"line":10,"column":2}}},"fnMap":{},"branchMap":{},"s":{"0":2,"1":2},"f":{},"b":{},"_coverageSchema":"1a1c01bbd47fc00a2c39e90264f33305004495a9","hash":"a5dce00e7eb0612f6ffd02ce3f1751f629cf32b3"}
,"/Users/benji/Desktop/vinco/vinco-service/src/utils/index.js": {"path":"/Users/benji/Desktop/vinco/vinco-service/src/utils/index.js","statementMap":{},"fnMap":{},"branchMap":{},"s":{},"f":{},"b":{},"_coverageSchema":"1a1c01bbd47fc00a2c39e90264f33305004495a9","hash":"32cc808d9c0f6c2116be76f012ed548eec706417"}
}
