TN:
SF:config/index.js
FNF:0
FNH:0
DA:1,3
DA:3,3
DA:11,3
LF:3
LH:3
BRDA:5,0,0,3
BRDA:5,0,1,0
BRDA:6,1,0,3
BRDA:6,1,1,0
BRDA:7,2,0,3
BRDA:7,2,1,0
BRDA:8,3,0,3
BRDA:8,3,1,0
BRF:8
BRH:4
end_of_record
TN:
SF:src/index.js
FN:22,(anonymous_0)
FNF:1
FNH:1
FNDA:2,(anonymous_0)
DA:10,2
DA:12,2
DA:13,2
DA:14,2
DA:16,2
DA:18,2
DA:19,0
DA:22,2
DA:23,2
DA:26,2
LF:10
LH:9
BRDA:18,0,0,0
BRDA:18,0,1,2
BRF:2
BRH:1
end_of_record
TN:
SF:src/messages.js
FNF:0
FNH:0
DA:1,2
LF:1
LH:1
BRF:0
BRH:0
end_of_record
TN:
SF:src/mongodb.js
FN:7,(anonymous_0)
FNF:1
FNH:1
FNDA:2,(anonymous_0)
DA:5,2
DA:7,2
DA:8,2
DA:9,2
DA:13,1
DA:15,0
LF:6
LH:5
BRDA:5,0,0,2
BRDA:5,0,1,0
BRF:2
BRH:1
end_of_record
TN:
SF:src/controllers/auth.js
FN:8,(anonymous_0)
FN:48,(anonymous_1)
FNF:2
FNH:1
FNDA:1,(anonymous_0)
FNDA:0,(anonymous_1)
DA:8,2
DA:9,1
DA:10,1
DA:11,0
DA:13,1
DA:15,1
DA:16,1
DA:17,0
DA:23,1
DA:35,1
DA:37,1
DA:45,1
DA:48,2
DA:49,0
DA:50,0
LF:15
LH:11
BRDA:10,0,0,0
BRDA:10,0,1,1
BRDA:10,1,0,1
BRDA:10,1,1,1
BRDA:10,1,2,1
BRDA:10,1,3,1
BRDA:15,2,0,0
BRDA:15,2,1,1
BRDA:16,3,0,0
BRDA:16,3,1,1
BRDA:16,4,0,1
BRDA:16,4,1,1
BRF:12
BRH:9
end_of_record
TN:
SF:src/controllers/user.js
FN:12,(anonymous_0)
FN:24,(anonymous_1)
FN:49,(anonymous_2)
FN:86,(anonymous_3)
FN:127,(anonymous_4)
FNF:5
FNH:5
FNDA:2,(anonymous_0)
FNDA:1,(anonymous_1)
FNDA:3,(anonymous_2)
FNDA:1,(anonymous_3)
FNDA:1,(anonymous_4)
DA:12,2
DA:13,2
DA:14,2
DA:15,2
DA:16,2
DA:17,2
DA:19,0
DA:20,0
DA:24,2
DA:25,1
DA:26,1
DA:27,0
DA:33,1
DA:34,1
DA:35,1
DA:36,0
DA:42,1
DA:44,0
DA:45,0
DA:49,2
DA:50,3
DA:51,3
DA:59,0
DA:65,3
DA:66,3
DA:67,3
DA:68,1
DA:69,2
DA:70,2
DA:79,2
DA:81,0
DA:82,0
DA:86,2
DA:87,1
DA:88,1
DA:89,0
DA:96,1
DA:97,1
DA:98,1
DA:113,1
DA:114,0
DA:120,1
DA:122,0
DA:123,0
DA:127,2
DA:128,1
DA:129,1
DA:130,0
DA:136,1
DA:137,1
DA:142,1
DA:143,0
DA:149,1
DA:151,0
DA:152,0
LF:55
LH:38
BRDA:14,0,0,1
BRDA:14,0,1,1
BRDA:26,1,0,0
BRDA:26,1,1,1
BRDA:35,2,0,0
BRDA:35,2,1,1
BRDA:35,3,0,1
BRDA:35,3,1,1
BRDA:51,4,0,0
BRDA:51,4,1,3
BRDA:52,5,0,3
BRDA:52,5,1,3
BRDA:52,5,2,3
BRDA:52,5,3,3
BRDA:52,5,4,3
BRDA:52,5,5,3
BRDA:67,6,0,1
BRDA:67,6,1,2
BRDA:88,7,0,0
BRDA:88,7,1,1
BRDA:113,8,0,0
BRDA:113,8,1,1
BRDA:129,9,0,0
BRDA:129,9,1,1
BRDA:142,10,0,0
BRDA:142,10,1,1
BRF:26
BRH:19
end_of_record
TN:
SF:src/models/user.js
FN:20,(anonymous_0)
FNF:1
FNH:1
FNDA:8,(anonymous_0)
DA:3,2
DA:19,2
DA:21,8
DA:22,8
DA:23,8
DA:27,2
DA:28,2
LF:7
LH:7
BRF:0
BRH:0
end_of_record
TN:
SF:src/routes/auth.js
FNF:0
FNH:0
DA:5,2
DA:7,2
DA:8,2
DA:10,2
LF:4
LH:4
BRF:0
BRH:0
end_of_record
TN:
SF:src/routes/index.js
FN:4,(anonymous_0)
FNF:1
FNH:1
FNDA:2,(anonymous_0)
DA:4,2
DA:5,2
DA:6,2
LF:3
LH:3
BRF:0
BRH:0
end_of_record
TN:
SF:src/routes/user.js
FNF:0
FNH:0
DA:11,2
DA:13,2
DA:14,2
DA:15,2
DA:16,2
DA:17,2
DA:19,2
LF:7
LH:7
BRF:0
BRH:0
end_of_record
TN:
SF:src/utils/Helpers.js
FN:3,(anonymous_0)
FN:7,(anonymous_1)
FN:11,(anonymous_2)
FNF:3
FNH:3
FNDA:6,(anonymous_0)
FNDA:1,(anonymous_1)
FNDA:4,(anonymous_2)
DA:3,2
DA:4,6
DA:7,2
DA:8,1
DA:11,2
DA:13,4
DA:14,4
LF:7
LH:7
BRF:0
BRH:0
end_of_record
TN:
SF:src/utils/Logger.js
FN:10,(anonymous_0)
FN:18,(anonymous_1)
FNF:2
FNH:2
FNDA:3,(anonymous_0)
FNDA:3,(anonymous_1)
DA:3,3
DA:10,3
DA:11,3
DA:17,3
DA:18,3
DA:19,3
DA:22,3
DA:30,3
DA:37,3
DA:38,3
DA:41,3
DA:42,3
LF:12
LH:12
BRDA:4,0,0,3
BRDA:4,0,1,0
BRDA:5,1,0,3
BRDA:5,1,1,1
BRDA:6,2,0,3
BRDA:6,2,1,1
BRDA:37,3,0,3
BRDA:37,3,1,0
BRF:8
BRH:6
end_of_record
TN:
SF:src/utils/Responser.js
FN:1,(anonymous_0)
FN:10,(anonymous_1)
FNF:2
FNH:2
FNDA:8,(anonymous_0)
FNDA:1,(anonymous_1)
DA:1,2
DA:2,8
DA:10,2
DA:11,1
LF:4
LH:4
BRDA:1,0,0,8
BRDA:1,1,0,6
BRDA:10,2,0,0
BRF:3
BRH:2
end_of_record
TN:
SF:src/utils/helpers_test.js
FNF:0
FNH:0
DA:4,2
DA:6,2
LF:2
LH:2
BRF:0
BRH:0
end_of_record
TN:
SF:src/utils/index.js
FNF:0
FNH:0
LF:0
LH:0
BRF:0
BRH:0
end_of_record
